Arguments: 
  /Users/meegan1/.nvm/versions/node/v13.13.0/bin/node /usr/local/Cellar/yarn/1.22.4/libexec/bin/yarn.js publish

PATH: 
  /Users/meegan1/.nvm/versions/node/v13.13.0/bin:/Users/meegan1/.composer/vendor/bin:/Users/meegan1/Library/Python/2.7/bin:/usr/local/opt/openvpn/sbin:/usr/local/opt/qt/bin:/usr/local/bin:/usr/bin:/bin:/usr/sbin:/sbin:/Library/TeX/texbin:/usr/local/share/dotnet:/opt/X11/bin:~/.dotnet/tools:/Library/Apple/usr/bin:/Library/Frameworks/Mono.framework/Versions/Current/Commands:/Applications/Wireshark.app/Contents/MacOS:/Users/meegan1/Documents/Projects/Motion12/tuffnells-portal/node_modules/.bin:/Users/meegan1/Library/Android/sdk/emulator:/Users/meegan1/Library/Android/sdk/tools:/Users/meegan1/Library/Android/sdk/tools/bin:/Users/meegan1/Library/Android/sdk/platform-tools

Yarn version: 
  1.22.4

Node version: 
  13.13.0

Platform: 
  darwin x64

Trace: 
  Error: canceled
      at Interface.<anonymous> (/usr/local/Cellar/yarn/1.22.4/libexec/lib/cli.js:137008:13)
      at Interface.emit (events.js:315:20)
      at Interface._ttyWrite (readline.js:873:16)
      at ReadStream.onkeypress (readline.js:213:10)
      at ReadStream.emit (events.js:315:20)
      at emitKeys (internal/readline/utils.js:335:14)
      at emitKeys.next (<anonymous>)
      at ReadStream.onData (readline.js:1140:36)
      at ReadStream.emit (events.js:315:20)
      at addChunk (_stream_readable.js:297:12)

npm manifest: 
  {
    "name": "@meegan1/vue-inertia-directive",
    "version": "1.0.0",
    "description": "Adds a vue directive for creating links with ease",
    "author": "Meegan1",
    "license": "ISC",
    "repository": "https://github.com/Meegan1/vue-inertia-directive"
  }

yarn manifest: 
  No manifest

Lockfile: 
  No lockfile
